298.35619	55.69	-101.7
303.35671	55.51	-102.3
308.44104	55.23	-102.9
313.61059	55.25	-103.4
318.86678	55.32	-103.9
324.21107	55.5	-104.3
329.64492	55.7	-104.7
335.16985	55.4	-105.1
340.78738	55.01	-105.4
346.49906	55.18	-105.7
352.30647	56.02	-106
358.21121	56.88	-106.2
364.21492	57.06	-106.4
370.31925	57.66	-106.6
376.5259	59.46	-106.7
382.83656	60.96	-106.8
389.253	61	-106.9
395.77697	60.6	-106.9
402.41029	60.56	-107
409.15479	60.76	-107
416.01232	61.16	-107.1
422.98479	61.63	-107.1
430.07412	62.05	-107.1
437.28226	62.47	-107.2
444.61122	63.03	-107.3
452.06302	63.67	-107.3
459.6397	64.28	-107.5
467.34338	64.89	-107.6
475.17617	65.43	-107.9
483.14023	65.85	-108.1
491.23778	66.26	-108.4
499.47105	66.74	-108.8
507.84231	67.27	-109.3
516.35387	67.82	-109.8
525.00808	68.38	-110.4
533.80735	68.94	-111
542.75409	69.51	-111.8
551.85078	70.06	-112.6
561.09994	70.61	-113.5
570.50411	71.16	-114.4
580.0659	71.71	-115.4
589.78794	72.24	-116.5
599.67293	72.77	-117.6
609.7236	73.29	-118.8
619.94272	73.8	-120
630.33311	74.3	-121.2
640.89765	74.79	-122.4
651.63925	75.27	-123.6
662.56088	75.75	-124.8
673.66556	76.21	-126
684.95636	76.67	-127.1
696.4364	77.13	-128.2
708.10884	77.59	-129.2
719.97692	78.04	-130.2
732.04391	78.5	-131.1
744.31315	78.97	-131.9
756.78802	79.45	-132.7
769.47197	79.95	-133.4
782.36851	80.47	-134.1
795.4812	81.01	-134.8
808.81366	81.57	-135.6
822.36957	82.16	-136.4
836.15269	82.77	-137.3
850.16681	83.4	-138.4
864.41582	84.05	-139.6
878.90364	84.71	-141
893.63428	85.39	-142.6
908.61181	86.07	-144.5
923.84036	86.75	-146.5
939.32415	87.43	-148.7
955.06746	88.1	-151.2
971.07462	88.77	-153.9
987.35007	89.43	-156.7
1003.8983	90.07	-159.7
1020.7239	90.7	-162.9
1037.8315	91.32	-166.3
1055.2258	91.92	-169.9
1072.9116	92.5	-173.6
1090.8939	93.06	-177.4
1109.1775	93.61	178.6
1127.7676	94.13	174.4
1146.6693	94.63	170.1
1165.8877	95.1	165.6
1185.4283	95.54	161
1205.2964	95.94	156.2
1225.4974	96.31	151.3
1246.0371	96.63	146.3
1266.9209	96.9	141.3
1288.1549	97.13	136.2
1309.7446	97.3	131.2
1331.6963	97.42	126.2
1354.0158	97.5	121.3
1376.7095	97.53	116.7
1399.7835	97.52	112.2
1423.2442	97.48	108
1447.0981	97.42	104.1
1471.3518	97.36	100.4
1496.012	97.29	97
1521.0856	97.24	93.7
1546.5793	97.18	90.4
1572.5004	97.13	87.3
1598.8559	97.06	84.1
1625.6531	96.97	81
1652.8994	96.86	77.9
1680.6024	96.74	75.1
1708.7697	96.61	72.5
1737.4091	96.48	70.1
1766.5285	96.37	67.8
1796.136	96.28	65.6
1826.2397	96.2	63.3
1856.8479	96.12	60.9
1887.9691	96.02	58.4
1919.612	95.87	55.9
1951.7851	95.67	53.6
1984.4975	95.44	51.7
2017.7582	95.21	50.2
2051.5763	95	49.2
2085.9612	94.85	48.4
2120.9224	94.75	47.7
2156.4696	94.69	46.8
2192.6126	94.63	45.9
2229.3613	94.56	44.9
2266.7259	94.48	44.1
2304.7168	94.41	43.5
2343.3444	94.38	43.2
2382.6195	94.4	42.9
2422.5528	94.46	42.6
2463.1553	94.55	42
2504.4384	94.66	41.4
2546.4134	94.79	40.7
2589.0919	94.94	39.8
2632.4858	95.11	38.9
2676.6069	95.31	37.8
2721.4674	95.53	36.3
2767.0799	95.75	34.5
2813.4568	95.95	32.3
2860.6111	96.1	29.8
2908.5556	96.17	27.2
2957.3037	96.18	24.8
3006.8689	96.17	22.8
3057.2647	96.19	21.2
3108.5052	96.27	19.8
3160.6045	96.43	18
3213.577	96.61	15.6
3267.4374	96.74	12.3
3322.2004	96.73	8.7
3377.8813	96.58	5.3
3434.4954	96.33	2.7
3492.0584	96.09	0.9
3550.5862	95.91	-0.5
3610.0949	95.76	-1.9
3670.6009	95.59	-3.2
3732.1211	95.41	-3.9
3794.6724	95.31	-4.1
3858.272	95.34	-4.2
3922.9376	95.43	-4.6
3988.687	95.56	-5.4
4055.5384	95.73	-6.3
4123.5102	95.97	-7.8
4192.6212	96.19	-10.1
4262.8906	96.32	-12.9
4334.3377	96.36	-15.6
4406.9822	96.4	-18.2
4480.8443	96.41	-21.2
4555.9444	96.33	-24.4
4632.3031	96.15	-27.3
4709.9417	95.91	-29.5
4788.8814	95.7	-31.2
4869.1443	95.47	-32.7
4950.7523	95.25	-33.3
5033.7281	95.2	-33.1
5118.0947	95.36	-33.5
5203.8752	95.52	-35.4
5291.0934	95.55	-37.7
5379.7734	95.51	-39.5
5469.9397	95.48	-41.1
5561.6173	95.5	-42.3
5654.8313	95.65	-43.6
5749.6077	95.86	-45.8
5845.9725	96.02	-48.7
5943.9525	96.2	-52
6043.5746	96.3	-56.7
6144.8664	96.15	-62
6247.8558	95.75	-66.7
6352.5714	95.15	-70.1
6459.0421	94.46	-71.4
6567.2972	93.96	-70.4
6677.3667	93.78	-68.8
6789.281	93.86	-67.4
6903.071	94.19	-66.9
7018.7682	94.64	-68.2
7136.4045	95.08	-71.3
7256.0123	95.34	-75.9
7377.6249	95.32	-80.9
7501.2757	95.11	-85.2
7626.9989	94.79	-88.5
7754.8293	94.47	-90.5
7884.8021	94.3	-91.8
8016.9533	94.27	-93.4
8151.3194	94.33	-95.6
8287.9375	94.37	-98.8
8426.8454	94.28	-102.7
8568.0814	94	-106.2
8711.6845	93.65	-108.6
8857.6945	93.36	-110
9006.1516	93.17	-111
9157.0969	93.13	-112
9310.5721	93.2	-113.6
9466.6196	93.26	-116.2
9625.2825	93.25	-118.9
9786.6046	93.25	-121.8
9950.6305	93.23	-124.9
10117.405	93.12	-128.3
10286.976	92.94	-131.4
10459.388	92.69	-134
10634.69	92.47	-135.3
10812.93	92.51	-136
10994.157	92.85	-137.9
11178.422	93.18	-142.6
11365.775	93.15	-148.6
11556.268	92.77	-153.2
11749.954	92.46	-154.8
11946.886	92.61	-155.7
12147.119	93.09	-159.2
12350.708	93.4	-166
12557.708	93.24	-173.9
12768.179	92.69	179.7
12982.177	92.03	176.1
13199.761	91.68	175.2
13420.992	91.9	173.3
13645.931	92.23	167.1
13874.641	91.94	158.8
14107.183	91.08	153.4
14343.623	90.47	152.5
14584.025	90.53	151.8
14828.457	90.86	147.1
15076.986	90.84	139
15329.68	90.24	131.3
15586.609	89.51	127.2
15847.844	89.23	124.4
16113.458	89.13	118.5
16383.524	88.52	111.7
16658.115	87.67	108.5
16937.31	87.29	107.1
17221.183	87.14	103.1
17509.814	86.7	98
17803.283	86.12	94.6
18101.67	85.79	91.7
18405.059	85.51	87.9
18713.532	85.17	84.5
19027.176	85.01	80.8
19346.076	84.77	75.8
19670.321	84.33	72.1
20000	84.13	71.2
